
Entering Post

Entering Post
<?xml version="1.0"?>
<imsx_POXEnvelopeRequest xmlns:xsi="http://www.w3.org/2001/XMLSchema-instance" xmlns:xsd="http://www.w3.org/2001/XMLSchema" xmlns="http://www.imsglobal.org/services/ltiv1p1/xsd/imsoms_v1p0">
  <imsx_POXHeader>
    <imsx_POXRequestHeaderInfo>
      <imsx_version>V1.0</imsx_version>
      <imsx_messageIdentifier>51cf834229310</imsx_messageIdentifier>
    </imsx_POXRequestHeaderInfo>
  </imsx_POXHeader>
  <imsx_POXBody>
    <readResultRequest>
      <resultRecord>
        <sourcedGUID>
          <sourcedId>10-2</sourcedId>
        </sourcedGUID>
      </resultRecord>
    </readResultRequest>
  </imsx_POXBody>
</imsx_POXEnvelopeRequest>
<?xml version="1.0"?>
<imsx_POXEnvelopeRequest xmlns:xsi="http://www.w3.org/2001/XMLSchema-instance" xmlns:xsd="http://www.w3.org/2001/XMLSchema" xmlns="http://www.imsglobal.org/services/ltiv1p1/xsd/imsoms_v1p0">
  <imsx_POXHeader>
    <imsx_POXRequestHeaderInfo>
      <imsx_version>V1.0</imsx_version>
      <imsx_messageIdentifier>51cf8e966bd06</imsx_messageIdentifier>
    </imsx_POXRequestHeaderInfo>
  </imsx_POXHeader>
  <imsx_POXBody>
    <replaceResultRequest>
      <resultRecord>
        <sourcedGUID>
          <sourcedId>10-2</sourcedId>
        </sourcedGUID>
        <result>
          <resultScore>
            <language>en-us</language>
            <textString>.5</textString>
          </resultScore>
        </result>
      </resultRecord>
    </replaceResultRequest>
  </imsx_POXBody>
</imsx_POXEnvelopeRequest>

<?xml version="1.0"?>
<imsx_POXEnvelopeRequest xmlns:xsi="http://www.w3.org/2001/XMLSchema-instance" xmlns:xsd="http://www.w3.org/2001/XMLSchema" xmlns="http://www.imsglobal.org/services/ltiv1p1/xsd/imsoms_v1p0">
  <imsx_POXHeader>
    <imsx_POXResponseHeaderInfo>
      <imsx_version>V1.0</imsx_version>
      <imsx_messageIdentifier>1a806ec5-d987-4f06-b1c3-d0daf8bf38c6</imsx_messageIdentifier>
      <imsx_statusInfo>
        <imsx_codeMajor>success</imsx_codeMajor>
        <imsx_severity>status</imsx_severity>
        <imsx_description>Score for 10-2 is now .5</imsx_description>
        <imsx_messageRefIdentifier>51cf8e966bd06</imsx_messageRefIdentifier>
      </imsx_statusInfo>
    </imsx_POXResponseHeaderInfo>
  </imsx_POXHeader>
  <imsx_POXBody>
    <replaceResultResponse />
  </imsx_POXBody>
</imsx_POXEnvelopeRequest>

<?xml version="1.0"?>
<imsx_POXEnvelopeRequest xmlns:xsi="http://www.w3.org/2001/XMLSchema-instance" xmlns:xsd="http://www.w3.org/2001/XMLSchema" xmlns="http://www.imsglobal.org/services/ltiv1p1/xsd/imsoms_v1p0">
  <imsx_POXHeader>
    <imsx_POXRequestHeaderInfo>
      <imsx_version>V1.0</imsx_version>
      <imsx_messageIdentifier>51cf8e981db67</imsx_messageIdentifier>
    </imsx_POXRequestHeaderInfo>
  </imsx_POXHeader>
  <imsx_POXBody>
    <readResultRequest>
      <resultRecord>
        <sourcedGUID>
          <sourcedId>10-2</sourcedId>
        </sourcedGUID>
      </resultRecord>
    </readResultRequest>
  </imsx_POXBody>
</imsx_POXEnvelopeRequest>

<?xml version="1.0"?>
<imsx_POXEnvelopeRequest xmlns:xsi="http://www.w3.org/2001/XMLSchema-instance" xmlns:xsd="http://www.w3.org/2001/XMLSchema" xmlns="http://www.imsglobal.org/services/ltiv1p1/xsd/imsoms_v1p0">
  <imsx_POXHeader>
    <imsx_POXResponseHeaderInfo>
      <imsx_version>V1.0</imsx_version>
      <imsx_messageIdentifier>ac11250b-e55d-497f-bfee-1add337a5efc</imsx_messageIdentifier>
      <imsx_statusInfo>
        <imsx_codeMajor>success</imsx_codeMajor>
        <imsx_severity>status</imsx_severity>
        <imsx_description>Score for 10-2 is read</imsx_description>
        <imsx_messageRefIdentifier>51cf8e981db67</imsx_messageRefIdentifier>
      </imsx_statusInfo>
    </imsx_POXResponseHeaderInfo>
  </imsx_POXHeader>
  <imsx_POXBody>
    <readResultResponse>
      <result>
        <resultScore>
          <language>en-US</language>
          <textString>0.50</textString>
        </resultScore>
      </result>
    </readResultResponse>
  </imsx_POXBody>
</imsx_POXEnvelopeRequest>

<?xml version="1.0"?>
<imsx_POXEnvelopeRequest xmlns:xsi="http://www.w3.org/2001/XMLSchema-instance" xmlns:xsd="http://www.w3.org/2001/XMLSchema" xmlns="http://www.imsglobal.org/services/ltiv1p1/xsd/imsoms_v1p0">
  <imsx_POXHeader>
    <imsx_POXRequestHeaderInfo>
      <imsx_version>V1.0</imsx_version>
      <imsx_messageIdentifier>51cf8e9971b74</imsx_messageIdentifier>
    </imsx_POXRequestHeaderInfo>
  </imsx_POXHeader>
  <imsx_POXBody>
    <deleteResultRequest>
      <resultRecord>
        <sourcedGUID>
          <sourcedId>10-2</sourcedId>
        </sourcedGUID>
      </resultRecord>
    </deleteResultRequest>
  </imsx_POXBody>
</imsx_POXEnvelopeRequest>

<?xml version="1.0"?>
<imsx_POXEnvelopeRequest xmlns:xsi="http://www.w3.org/2001/XMLSchema-instance" xmlns:xsd="http://www.w3.org/2001/XMLSchema" xmlns="http://www.imsglobal.org/services/ltiv1p1/xsd/imsoms_v1p0">
  <imsx_POXHeader>
    <imsx_POXResponseHeaderInfo>
      <imsx_version>V1.0</imsx_version>
      <imsx_messageIdentifier>bed26da2-81e8-4cd4-93ea-fdb87e28064d</imsx_messageIdentifier>
      <imsx_statusInfo>
        <imsx_codeMajor>success</imsx_codeMajor>
        <imsx_severity>status</imsx_severity>
        <imsx_description>Score for 10-2 is deleted</imsx_description>
        <imsx_messageRefIdentifier>51cf8e9971b74</imsx_messageRefIdentifier>
      </imsx_statusInfo>
    </imsx_POXResponseHeaderInfo>
  </imsx_POXHeader>
  <imsx_POXBody />
</imsx_POXEnvelopeRequest>

<?xml version="1.0"?>
<imsx_POXEnvelopeRequest xmlns:xsi="http://www.w3.org/2001/XMLSchema-instance" xmlns:xsd="http://www.w3.org/2001/XMLSchema" xmlns="http://www.imsglobal.org/services/ltiv1p1/xsd/imsoms_v1p0">
  <imsx_POXHeader>
    <imsx_POXRequestHeaderInfo>
      <imsx_version>V1.0</imsx_version>
      <imsx_messageIdentifier>51cf8e9fed190</imsx_messageIdentifier>
    </imsx_POXRequestHeaderInfo>
  </imsx_POXHeader>
  <imsx_POXBody>
    <replaceResultRequest>
      <resultRecord>
        <sourcedGUID>
          <sourcedId>10-2</sourcedId>
        </sourcedGUID>
        <result>
          <resultScore>
            <language>en-us</language>
            <textString>.5</textString>
          </resultScore>
        </result>
      </resultRecord>
    </replaceResultRequest>
  </imsx_POXBody>
</imsx_POXEnvelopeRequest>

<?xml version="1.0"?>
<imsx_POXEnvelopeRequest xmlns:xsi="http://www.w3.org/2001/XMLSchema-instance" xmlns:xsd="http://www.w3.org/2001/XMLSchema" xmlns="http://www.imsglobal.org/services/ltiv1p1/xsd/imsoms_v1p0">
  <imsx_POXHeader>
    <imsx_POXResponseHeaderInfo>
      <imsx_version>V1.0</imsx_version>
      <imsx_messageIdentifier>0331d301-cfc1-41ab-9b5f-684e9b357792</imsx_messageIdentifier>
      <imsx_statusInfo>
        <imsx_codeMajor>success</imsx_codeMajor>
        <imsx_severity>status</imsx_severity>
        <imsx_description>Score for 10-2 is now .5</imsx_description>
        <imsx_messageRefIdentifier>51cf8e9fed190</imsx_messageRefIdentifier>
      </imsx_statusInfo>
    </imsx_POXResponseHeaderInfo>
  </imsx_POXHeader>
  <imsx_POXBody>
    <replaceResultResponse />
  </imsx_POXBody>
</imsx_POXEnvelopeRequest>

<?xml version="1.0"?>
<imsx_POXEnvelopeRequest xmlns:xsi="http://www.w3.org/2001/XMLSchema-instance" xmlns:xsd="http://www.w3.org/2001/XMLSchema" xmlns="http://www.imsglobal.org/services/ltiv1p1/xsd/imsoms_v1p0">
  <imsx_POXHeader>
    <imsx_POXRequestHeaderInfo>
      <imsx_version>V1.0</imsx_version>
      <imsx_messageIdentifier>51cf92e60359f</imsx_messageIdentifier>
    </imsx_POXRequestHeaderInfo>
  </imsx_POXHeader>
  <imsx_POXBody>
    <replaceResultRequest>
      <resultRecord>
        <sourcedGUID>
          <sourcedId>10-2</sourcedId>
        </sourcedGUID>
        <result>
          <resultScore>
            <language>en-us</language>
            <textString>.4025</textString>
          </resultScore>
        </result>
      </resultRecord>
    </replaceResultRequest>
  </imsx_POXBody>
</imsx_POXEnvelopeRequest>

<?xml version="1.0"?>
<imsx_POXEnvelopeRequest xmlns:xsi="http://www.w3.org/2001/XMLSchema-instance" xmlns:xsd="http://www.w3.org/2001/XMLSchema" xmlns="http://www.imsglobal.org/services/ltiv1p1/xsd/imsoms_v1p0">
  <imsx_POXHeader>
    <imsx_POXResponseHeaderInfo>
      <imsx_version>V1.0</imsx_version>
      <imsx_messageIdentifier>d8fd9f5d-20f3-467f-9c79-ea2fd50d9f51</imsx_messageIdentifier>
      <imsx_statusInfo>
        <imsx_codeMajor>success</imsx_codeMajor>
        <imsx_severity>status</imsx_severity>
        <imsx_description>Score for 10-2 is now .4025</imsx_description>
        <imsx_messageRefIdentifier>51cf92e60359f</imsx_messageRefIdentifier>
      </imsx_statusInfo>
    </imsx_POXResponseHeaderInfo>
  </imsx_POXHeader>
  <imsx_POXBody>
    <replaceResultResponse />
  </imsx_POXBody>
</imsx_POXEnvelopeRequest>

<?xml version="1.0"?>
<imsx_POXEnvelopeRequest xmlns:xsi="http://www.w3.org/2001/XMLSchema-instance" xmlns:xsd="http://www.w3.org/2001/XMLSchema" xmlns="http://www.imsglobal.org/services/ltiv1p1/xsd/imsoms_v1p0">
  <imsx_POXHeader>
    <imsx_POXRequestHeaderInfo>
      <imsx_version>V1.0</imsx_version>
      <imsx_messageIdentifier>51cf92e9c82e9</imsx_messageIdentifier>
    </imsx_POXRequestHeaderInfo>
  </imsx_POXHeader>
  <imsx_POXBody>
    <readResultRequest>
      <resultRecord>
        <sourcedGUID>
          <sourcedId>10-2</sourcedId>
        </sourcedGUID>
      </resultRecord>
    </readResultRequest>
  </imsx_POXBody>
</imsx_POXEnvelopeRequest>

<?xml version="1.0"?>
<imsx_POXEnvelopeRequest xmlns:xsi="http://www.w3.org/2001/XMLSchema-instance" xmlns:xsd="http://www.w3.org/2001/XMLSchema" xmlns="http://www.imsglobal.org/services/ltiv1p1/xsd/imsoms_v1p0">
  <imsx_POXHeader>
    <imsx_POXResponseHeaderInfo>
      <imsx_version>V1.0</imsx_version>
      <imsx_messageIdentifier>c836833d-da5f-4ba7-8f41-69001506a337</imsx_messageIdentifier>
      <imsx_statusInfo>
        <imsx_codeMajor>success</imsx_codeMajor>
        <imsx_severity>status</imsx_severity>
        <imsx_description>Score for 10-2 is read</imsx_description>
        <imsx_messageRefIdentifier>51cf92e9c82e9</imsx_messageRefIdentifier>
      </imsx_statusInfo>
    </imsx_POXResponseHeaderInfo>
  </imsx_POXHeader>
  <imsx_POXBody>
    <readResultResponse>
      <result>
        <resultScore>
          <language>en-US</language>
          <textString>0.4025</textString>
        </resultScore>
      </result>
    </readResultResponse>
  </imsx_POXBody>
</imsx_POXEnvelopeRequest>

<?xml version="1.0"?>
<imsx_POXEnvelopeRequest xmlns:xsi="http://www.w3.org/2001/XMLSchema-instance" xmlns:xsd="http://www.w3.org/2001/XMLSchema" xmlns="http://www.imsglobal.org/services/ltiv1p1/xsd/imsoms_v1p0">
  <imsx_POXHeader>
    <imsx_POXRequestHeaderInfo>
      <imsx_version>V1.0</imsx_version>
      <imsx_messageIdentifier>9b797107-e3a1-4024-8ee0-e5da9e549717</imsx_messageIdentifier>
    </imsx_POXRequestHeaderInfo>
  </imsx_POXHeader>
  <imsx_POXBody>
    <readResultRequest>
      <resultRecord>
        <sourcedGUID>
          <sourcedId>3-2</sourcedId>
        </sourcedGUID>
      </resultRecord>
    </readResultRequest>
  </imsx_POXBody>
</imsx_POXEnvelopeRequest>

<?xml version="1.0"?>
<imsx_POXEnvelopeRequest xmlns:xsi="http://www.w3.org/2001/XMLSchema-instance" xmlns:xsd="http://www.w3.org/2001/XMLSchema" xmlns="http://www.imsglobal.org/services/ltiv1p1/xsd/imsoms_v1p0">
  <imsx_POXHeader>
    <imsx_POXResponseHeaderInfo>
      <imsx_version>V1.0</imsx_version>
      <imsx_messageIdentifier>8e30bd49-8be3-44a0-92f0-526356ad5113</imsx_messageIdentifier>
      <imsx_statusInfo>
        <imsx_codeMajor>success</imsx_codeMajor>
        <imsx_severity>status</imsx_severity>
        <imsx_description>Score for 3-2 is null</imsx_description>
        <imsx_messageRefIdentifier>9b797107-e3a1-4024-8ee0-e5da9e549717</imsx_messageRefIdentifier>
      </imsx_statusInfo>
    </imsx_POXResponseHeaderInfo>
  </imsx_POXHeader>
  <imsx_POXBody>
    <readResultResponse>
      <result>
        <resultScore>
          <language>en</language>
          <textString />
        </resultScore>
      </result>
    </readResultResponse>
  </imsx_POXBody>
</imsx_POXEnvelopeRequest>

<?xml version="1.0"?>
<imsx_POXEnvelopeRequest xmlns:xsi="http://www.w3.org/2001/XMLSchema-instance" xmlns:xsd="http://www.w3.org/2001/XMLSchema" xmlns="http://www.imsglobal.org/services/ltiv1p1/xsd/imsoms_v1p0">
  <imsx_POXHeader>
    <imsx_POXRequestHeaderInfo>
      <imsx_version>V1.0</imsx_version>
      <imsx_messageIdentifier>48f9a1cb-6c94-437b-9716-39735e253d64</imsx_messageIdentifier>
    </imsx_POXRequestHeaderInfo>
  </imsx_POXHeader>
  <imsx_POXBody>
    <replaceResultRequest>
      <resultRecord>
        <sourcedGUID>
          <sourcedId>3-2</sourcedId>
        </sourcedGUID>
        <result>
          <resultScore>
            <language>en-US</language>
            <textString>0.5</textString>
          </resultScore>
        </result>
      </resultRecord>
    </replaceResultRequest>
  </imsx_POXBody>
</imsx_POXEnvelopeRequest>

<?xml version="1.0"?>
<imsx_POXEnvelopeRequest xmlns:xsi="http://www.w3.org/2001/XMLSchema-instance" xmlns:xsd="http://www.w3.org/2001/XMLSchema" xmlns="http://www.imsglobal.org/services/ltiv1p1/xsd/imsoms_v1p0">
  <imsx_POXHeader>
    <imsx_POXResponseHeaderInfo>
      <imsx_version>V1.0</imsx_version>
      <imsx_messageIdentifier>7b7db47e-09d1-4ae7-9fd0-de99ecaf8d04</imsx_messageIdentifier>
      <imsx_statusInfo>
        <imsx_codeMajor>success</imsx_codeMajor>
        <imsx_severity>status</imsx_severity>
        <imsx_description>Score for 3-2 is now 0.5</imsx_description>
        <imsx_messageRefIdentifier>48f9a1cb-6c94-437b-9716-39735e253d64</imsx_messageRefIdentifier>
      </imsx_statusInfo>
    </imsx_POXResponseHeaderInfo>
  </imsx_POXHeader>
  <imsx_POXBody>
    <replaceResultResponse />
  </imsx_POXBody>
</imsx_POXEnvelopeRequest>

<?xml version="1.0"?>
<imsx_POXEnvelopeRequest xmlns:xsi="http://www.w3.org/2001/XMLSchema-instance" xmlns:xsd="http://www.w3.org/2001/XMLSchema" xmlns="http://www.imsglobal.org/services/ltiv1p1/xsd/imsoms_v1p0">
  <imsx_POXHeader>
    <imsx_POXRequestHeaderInfo>
      <imsx_version>V1.0</imsx_version>
      <imsx_messageIdentifier>3a747d47-e7f3-441a-88fe-078d07194acd</imsx_messageIdentifier>
    </imsx_POXRequestHeaderInfo>
  </imsx_POXHeader>
  <imsx_POXBody>
    <readResultRequest>
      <resultRecord>
        <sourcedGUID>
          <sourcedId>3-2</sourcedId>
        </sourcedGUID>
      </resultRecord>
    </readResultRequest>
  </imsx_POXBody>
</imsx_POXEnvelopeRequest>

<?xml version="1.0"?>
<imsx_POXEnvelopeRequest xmlns:xsi="http://www.w3.org/2001/XMLSchema-instance" xmlns:xsd="http://www.w3.org/2001/XMLSchema" xmlns="http://www.imsglobal.org/services/ltiv1p1/xsd/imsoms_v1p0">
  <imsx_POXHeader>
    <imsx_POXResponseHeaderInfo>
      <imsx_version>V1.0</imsx_version>
      <imsx_messageIdentifier>03be4ed1-133d-4fa9-ad8a-2a751fdd418f</imsx_messageIdentifier>
      <imsx_statusInfo>
        <imsx_codeMajor>success</imsx_codeMajor>
        <imsx_severity>status</imsx_severity>
        <imsx_description>Score for 3-2 is read</imsx_description>
        <imsx_messageRefIdentifier>3a747d47-e7f3-441a-88fe-078d07194acd</imsx_messageRefIdentifier>
      </imsx_statusInfo>
    </imsx_POXResponseHeaderInfo>
  </imsx_POXHeader>
  <imsx_POXBody>
    <readResultResponse>
      <result>
        <resultScore>
          <language>en</language>
          <textString>0.5</textString>
        </resultScore>
      </result>
    </readResultResponse>
  </imsx_POXBody>
</imsx_POXEnvelopeRequest>

